\o Program:		@(#)$CDS: libManager version 6.1.7 - CAT35 03/11/2016 01:09 (sjfnl137) $
\o Sub version:		sub-version  IC6.1.7 - CAT35.15s009 
\o Arguments:		-mpssession virtuoso1957 -mpshost ams66 
\o Working Directory:	ams66:/home/ee15b068/cadence_project/scripts
\o 64-bit offsets
\o Qt version: 		4.8.5
\o Log file is "/home/ee15b068/cadence_project/scripts/libManager.log".
\o Opening libManager window.
\a nrSetCurrentWindow(cdsLibManager)
\o changeWorkingDir("/home/ee15b068/cadence_project/scripts") unnecessary.
\o ddSetForcedLib("") unnecessary.
\o MPS service: map window
\a nrResizeWindow(cdsLibManager list(55 14 1217 709))
\o Library Manager customization server connected.
\a nrResizeWindow(cdsLibManager list(55 14 1217 709))
\a nrResizeWindow(cdsLibManager list(55 -14 1855 1056))
\a nrResizeWindow(cdsLibManager list(55 14 1217 709))
\a cdsLibManager->libListBox->value = "ID_Project"
\a cdsLibManager->libListBox->value = "US_8ths"
\a cdsLibManager->libListBox->value = "ahdlLib"
\a cdsLibManager->libListBox->value = "analogLib"
\a cdsLibManager->libListBox->value = "basic"
\a cdsLibManager->libListBox->value = "cdsDefTechLib"
\a cdsLibManager->libListBox->value = "functional"
\a cdsLibManager->libListBox->value = "rfExamples"
\a cdsLibManager->libListBox->value = "rfLib"
\a cdsLibManager->libLineEdit->value = "rfLib"
\a cdsLibManager->libListBox->value = nil
\a cdsLibManager->libLineEdit->value = ""
\a cdsLibManager->libListBox->value = "rfLib"
\a cdsLibManager->libLineEdit->value = "rfLib"
\a nrSetCurrentWindow(cdsLibManager)
\a cdsLibManager->libListBox->value = nil
\a cdsLibManager->libListBox->value = "rfExamples"
\a cdsLibManager->libListBox->value = "functional"
\a cdsLibManager->libListBox->value = "cdsDefTechLib"
\a cdsLibManager->libListBox->value = "basic"
\a cdsLibManager->libListBox->value = "analogLib"
\a cdsLibManager->libListBox->value = "ahdlLib"
\a cdsLibManager->libListBox->value = "US_8ths"
\a cdsLibManager->libListBox->value = "ID_Project"
\a cdsLibManager->libListBox->value = "US_8ths"
\a cdsLibManager->libListBox->value = "ahdlLib"
\a cdsLibManager->libListBox->value = "analogLib"
\a cdsLibManager->libListBox->value = "basic"
\a _lmgrCloseIconify("cdsLibManager" 1)
\a cdsLibManager->libLineEdit->value = "basic"
\o MPS service: shutdown
\o libManager is exiting.
\a nrSetWindowVisibility(cdsLibManager "hide")
\a exit(0)
